<?xml version="1.0" encoding="utf-8" standalone="no"?>
<!--This file represents the results of running a test suite-->
<test-results name="C:\Data\MSBuildExamples\unittest\Unittest.Proj1\Unittest.Proj1.csproj" total="3" failures="1" not-run="0" date="2008-08-23" time="00:45:15">
  <environment nunit-version="2.2.9.0" clr-version="2.0.50727.1433" os-version="Microsoft Windows NT 5.1.2600 Service Pack 3" platform="Win32NT" cwd="C:\Data\MSBuildExamples\unittest" machine-name="SIH-M90" user="Ibrahim" user-domain="SIH-M90" />
  <culture-info current-culture="en-US" current-uiculture="en-US" />
  <test-suite name="C:\Data\MSBuildExamples\unittest\Unittest.Proj1\Unittest.Proj1.csproj" success="False" time="0.047" asserts="0">
    <results>
      <test-suite name="C:\Data\MSBuildExamples\unittest\Unittest.Proj1\bin\Debug\Unittest.Proj1.dll" success="False" time="0.047" asserts="0">
        <results>
          <test-suite name="Unittest" success="False" time="0.047" asserts="0">
            <results>
              <test-suite name="Proj1" success="False" time="0.047" asserts="0">
                <results>
                  <test-suite name="TestOperators" success="False" time="0.047" asserts="0">
                    <results>
                      <test-case name="Unittest.Proj1.TestOperators.TestAddition" executed="True" success="True" time="0.000" asserts="3" />
                      <test-case name="Unittest.Proj1.TestOperators.TestDivide" executed="True" success="False" time="0.031" asserts="1">
                        <failure>
                          <message><![CDATA[
	expected:<6>
	 but was:<5>]]></message>
                          <stack-trace><![CDATA[   at Unittest.Proj1.TestOperators.TestDivide() in c:\Data\MSBuildExamples\unittest\Unittest.Proj1\TestOperators.cs:line 42
]]></stack-trace>
                        </failure>
                      </test-case>
                      <test-case name="Unittest.Proj1.TestOperators.TestSubtraction" executed="True" success="True" time="0.000" asserts="3" />
                    </results>
                  </test-suite>
                </results>
              </test-suite>
            </results>
          </test-suite>
        </results>
      </test-suite>
    </results>
  </test-suite>
</test-results>